============================================================
  Generated by:           Genus(TM) Synthesis Solution 19.12-s121_1
  Generated on:           Jan 27 2023  03:32:17 am
  Module:                 fifo1_sramb
  Technology libraries:   saed32io_wb_ss0p95v125c_2p25v 
                          saed32sramlp_ss0p75v125c_i0p75v 1.0000000
                          saed32pll_ss0p95v125c_2p25v 
                          saed32rvt_ss0p95v125c 1.0000000
  Operating conditions:   _nominal_ (balanced_tree)
  Wireload mode:          enclosed
  Area mode:              timing library
============================================================

Timing
--------

 Clock Period 
--------------
rclk    900.0 
wclk    900.0 
wclk2x  450.0 


  Cost    Critical                Violating 
 Group   Path Slack      TNS        Paths   
--------------------------------------------
default    No paths          0.0            
INPUTS     -27468.5   -2509360.8         92 
OUTPUTS         3.4          0.0          0 
rclk            0.3          0.0          0 
wclk            1.1          0.0          0 
wclk2x     No paths          0.0            
--------------------------------------------
Total                 -2509360.8         92 

Instance Count
--------------
Leaf Instance Count             451 
Physical Instance count           0 
Sequential Instance Count       104 
Combinational Instance Count    347 
Hierarchical Instance Count       5 

Area
----
Cell Area                          511452.270
Physical Cell Area                 0.000
Total Cell Area (Cell+Physical)    511452.270
Net Area                           0.000
Total Area (Cell+Physical+Net)     511452.270

Max Fanout                         72 (fifomem/n_17)
Min Fanout                         0 (io_b_wrst_n_net)
Average Fanout                     2.9
Terms to net ratio                 4.4041
Terms to instance ratio            4.7361
Runtime                            30.595639000000002 seconds
Elapsed Runtime                    54 seconds
Genus peak memory usage            1416.43 
Innovus peak memory usage          no_value 
Hostname                           auto.ece.pdx.edu
