 
****************************************
Report : constraint
        -all_violators
Design : fifo1_sramb
Version: Q-2019.12-SP3
Date   : Fri Jan 27 03:28:54 2023
****************************************


   max_delay/setup ('INPUTS' group)

                             Required        Actual
   Endpoint                 Path Delay     Path Delay        Slack
   -----------------------------------------------------------------
   rptr_empty/rempty_reg/D      1.76           1.80 r        -0.04  (VIOLATED)
   wptr_full/wfull_reg/D        1.75           1.78 r        -0.03  (VIOLATED)


   max_delay/setup ('OUTPUTS' group)

                             Required        Actual
   Endpoint                 Path Delay     Path Delay        Slack
   -----------------------------------------------------------------
   rempty                       2.69           2.69 f         0.00  (VIOLATED: increase significant digits)


   max_delay/setup ('rclk' group)

                             Required        Actual
   Endpoint                 Path Delay     Path Delay        Slack
   -----------------------------------------------------------------
   rptr_empty/rempty_reg/D      1.76           1.81 r        -0.06  (VIOLATED)


   min_delay/hold ('rclk' group)

                             Required        Actual
   Endpoint                 Path Delay     Path Delay        Slack
   -----------------------------------------------------------------
   fifomem/genblk1_0__U/A2[2]
                                1.37           1.20 f        -0.17  (VIOLATED)
   fifomem/genblk1_1__U/A2[2]
                                1.37           1.20 f        -0.17  (VIOLATED)
   fifomem/genblk1_2__U/A2[2]
                                1.37           1.20 f        -0.17  (VIOLATED)
   fifomem/genblk1_3__U/A2[2]
                                1.37           1.20 f        -0.17  (VIOLATED)
   fifomem/genblk1_4__U/A2[2]
                                1.37           1.20 f        -0.17  (VIOLATED)
   fifomem/genblk1_5__U/A2[2]
                                1.37           1.20 f        -0.17  (VIOLATED)
   fifomem/genblk1_6__U/A2[2]
                                1.37           1.20 f        -0.17  (VIOLATED)
   fifomem/genblk1_7__U/A2[2]
                                1.37           1.20 f        -0.17  (VIOLATED)
   fifomem/genblk1_0__U/A2[1]
                                1.39           1.22 f        -0.17  (VIOLATED)
   fifomem/genblk1_1__U/A2[1]
                                1.39           1.22 f        -0.17  (VIOLATED)
   fifomem/genblk1_2__U/A2[1]
                                1.39           1.22 f        -0.17  (VIOLATED)
   fifomem/genblk1_3__U/A2[1]
                                1.39           1.22 f        -0.17  (VIOLATED)
   fifomem/genblk1_4__U/A2[1]
                                1.39           1.22 f        -0.17  (VIOLATED)
   fifomem/genblk1_5__U/A2[1]
                                1.39           1.22 f        -0.17  (VIOLATED)
   fifomem/genblk1_6__U/A2[1]
                                1.39           1.22 f        -0.17  (VIOLATED)
   fifomem/genblk1_7__U/A2[1]
                                1.39           1.22 f        -0.17  (VIOLATED)
   fifomem/genblk1_0__U/A2[4]
                                1.39           1.23 f        -0.16  (VIOLATED)
   fifomem/genblk1_1__U/A2[4]
                                1.39           1.23 f        -0.16  (VIOLATED)
   fifomem/genblk1_2__U/A2[4]
                                1.39           1.23 f        -0.16  (VIOLATED)
   fifomem/genblk1_3__U/A2[4]
                                1.39           1.23 f        -0.16  (VIOLATED)
   fifomem/genblk1_4__U/A2[4]
                                1.39           1.23 f        -0.16  (VIOLATED)
   fifomem/genblk1_5__U/A2[4]
                                1.39           1.23 f        -0.16  (VIOLATED)
   fifomem/genblk1_6__U/A2[4]
                                1.39           1.23 f        -0.16  (VIOLATED)
   fifomem/genblk1_7__U/A2[4]
                                1.39           1.23 f        -0.16  (VIOLATED)
   fifomem/genblk1_0__U/A2[6]
                                1.38           1.22 f        -0.15  (VIOLATED)
   fifomem/genblk1_1__U/A2[6]
                                1.38           1.22 f        -0.15  (VIOLATED)
   fifomem/genblk1_2__U/A2[6]
                                1.38           1.22 f        -0.15  (VIOLATED)
   fifomem/genblk1_3__U/A2[6]
                                1.38           1.22 f        -0.15  (VIOLATED)
   fifomem/genblk1_4__U/A2[6]
                                1.38           1.22 f        -0.15  (VIOLATED)
   fifomem/genblk1_5__U/A2[6]
                                1.38           1.22 f        -0.15  (VIOLATED)
   fifomem/genblk1_6__U/A2[6]
                                1.38           1.22 f        -0.15  (VIOLATED)
   fifomem/genblk1_7__U/A2[6]
                                1.38           1.22 f        -0.15  (VIOLATED)
   fifomem/genblk1_0__U/A2[0]
                                1.39           1.23 f        -0.15  (VIOLATED)
   fifomem/genblk1_1__U/A2[0]
                                1.39           1.23 f        -0.15  (VIOLATED)
   fifomem/genblk1_2__U/A2[0]
                                1.39           1.23 f        -0.15  (VIOLATED)
   fifomem/genblk1_3__U/A2[0]
                                1.39           1.23 f        -0.15  (VIOLATED)
   fifomem/genblk1_4__U/A2[0]
                                1.39           1.23 f        -0.15  (VIOLATED)
   fifomem/genblk1_5__U/A2[0]
                                1.39           1.23 f        -0.15  (VIOLATED)
   fifomem/genblk1_6__U/A2[0]
                                1.39           1.23 f        -0.15  (VIOLATED)
   fifomem/genblk1_7__U/A2[0]
                                1.39           1.23 f        -0.15  (VIOLATED)
   fifomem/genblk1_0__U/A2[3]
                                1.38           1.24 f        -0.15  (VIOLATED)
   fifomem/genblk1_1__U/A2[3]
                                1.38           1.24 f        -0.15  (VIOLATED)
   fifomem/genblk1_2__U/A2[3]
                                1.38           1.24 f        -0.15  (VIOLATED)
   fifomem/genblk1_3__U/A2[3]
                                1.38           1.24 f        -0.15  (VIOLATED)
   fifomem/genblk1_4__U/A2[3]
                                1.38           1.24 f        -0.15  (VIOLATED)
   fifomem/genblk1_5__U/A2[3]
                                1.38           1.24 f        -0.15  (VIOLATED)
   fifomem/genblk1_6__U/A2[3]
                                1.38           1.24 f        -0.15  (VIOLATED)
   fifomem/genblk1_7__U/A2[3]
                                1.38           1.24 f        -0.15  (VIOLATED)
   fifomem/genblk1_0__U/A2[5]
                                1.40           1.28 f        -0.12  (VIOLATED)
   fifomem/genblk1_1__U/A2[5]
                                1.40           1.28 f        -0.12  (VIOLATED)
   fifomem/genblk1_2__U/A2[5]
                                1.40           1.28 f        -0.12  (VIOLATED)
   fifomem/genblk1_3__U/A2[5]
                                1.40           1.28 f        -0.12  (VIOLATED)
   fifomem/genblk1_4__U/A2[5]
                                1.40           1.28 f        -0.12  (VIOLATED)
   fifomem/genblk1_5__U/A2[5]
                                1.40           1.28 f        -0.12  (VIOLATED)
   fifomem/genblk1_6__U/A2[5]
                                1.40           1.28 f        -0.12  (VIOLATED)
   fifomem/genblk1_7__U/A2[5]
                                1.40           1.28 f        -0.12  (VIOLATED)


   min_delay/hold ('wclk' group)

                             Required        Actual
   Endpoint                 Path Delay     Path Delay        Slack
   -----------------------------------------------------------------
   fifomem/genblk1_0__U/A1[6]
                                1.38           1.19 f        -0.19  (VIOLATED)
   fifomem/genblk1_1__U/A1[6]
                                1.38           1.19 f        -0.19  (VIOLATED)
   fifomem/genblk1_2__U/A1[6]
                                1.38           1.19 f        -0.19  (VIOLATED)
   fifomem/genblk1_3__U/A1[6]
                                1.38           1.19 f        -0.19  (VIOLATED)
   fifomem/genblk1_4__U/A1[6]
                                1.38           1.19 f        -0.19  (VIOLATED)
   fifomem/genblk1_5__U/A1[6]
                                1.38           1.19 f        -0.19  (VIOLATED)
   fifomem/genblk1_6__U/A1[6]
                                1.38           1.19 f        -0.19  (VIOLATED)
   fifomem/genblk1_7__U/A1[6]
                                1.38           1.19 f        -0.19  (VIOLATED)
   fifomem/genblk1_0__U/A1[5]
                                1.39           1.21 f        -0.18  (VIOLATED)
   fifomem/genblk1_1__U/A1[5]
                                1.39           1.21 f        -0.18  (VIOLATED)
   fifomem/genblk1_2__U/A1[5]
                                1.39           1.21 f        -0.18  (VIOLATED)
   fifomem/genblk1_3__U/A1[5]
                                1.39           1.21 f        -0.18  (VIOLATED)
   fifomem/genblk1_4__U/A1[5]
                                1.39           1.21 f        -0.18  (VIOLATED)
   fifomem/genblk1_5__U/A1[5]
                                1.39           1.21 f        -0.18  (VIOLATED)
   fifomem/genblk1_6__U/A1[5]
                                1.39           1.21 f        -0.18  (VIOLATED)
   fifomem/genblk1_7__U/A1[5]
                                1.39           1.21 f        -0.18  (VIOLATED)
   fifomem/genblk1_0__U/A1[4]
                                1.39           1.21 f        -0.18  (VIOLATED)
   fifomem/genblk1_1__U/A1[4]
                                1.39           1.21 f        -0.18  (VIOLATED)
   fifomem/genblk1_2__U/A1[4]
                                1.39           1.21 f        -0.18  (VIOLATED)
   fifomem/genblk1_3__U/A1[4]
                                1.39           1.21 f        -0.18  (VIOLATED)
   fifomem/genblk1_4__U/A1[4]
                                1.39           1.21 f        -0.18  (VIOLATED)
   fifomem/genblk1_5__U/A1[4]
                                1.39           1.21 f        -0.18  (VIOLATED)
   fifomem/genblk1_6__U/A1[4]
                                1.39           1.21 f        -0.18  (VIOLATED)
   fifomem/genblk1_7__U/A1[4]
                                1.39           1.21 f        -0.18  (VIOLATED)
   fifomem/genblk1_0__U/I1[0]
                                1.39           1.22 f        -0.18  (VIOLATED)
   fifomem/genblk1_0__U/I1[1]
                                1.39           1.22 f        -0.18  (VIOLATED)
   fifomem/genblk1_0__U/I1[2]
                                1.39           1.22 f        -0.18  (VIOLATED)
   fifomem/genblk1_0__U/I1[3]
                                1.39           1.22 f        -0.18  (VIOLATED)
   fifomem/genblk1_0__U/I1[4]
                                1.39           1.22 f        -0.18  (VIOLATED)
   fifomem/genblk1_0__U/I1[5]
                                1.39           1.22 f        -0.18  (VIOLATED)
   fifomem/genblk1_0__U/I1[6]
                                1.39           1.22 f        -0.18  (VIOLATED)
   fifomem/genblk1_0__U/I1[7]
                                1.39           1.22 f        -0.18  (VIOLATED)
   fifomem/genblk1_1__U/I1[0]
                                1.39           1.22 f        -0.18  (VIOLATED)
   fifomem/genblk1_1__U/I1[1]
                                1.39           1.22 f        -0.18  (VIOLATED)
   fifomem/genblk1_1__U/I1[2]
                                1.39           1.22 f        -0.18  (VIOLATED)
   fifomem/genblk1_1__U/I1[3]
                                1.39           1.22 f        -0.18  (VIOLATED)
   fifomem/genblk1_1__U/I1[4]
                                1.39           1.22 f        -0.18  (VIOLATED)
   fifomem/genblk1_1__U/I1[5]
                                1.39           1.22 f        -0.18  (VIOLATED)
   fifomem/genblk1_1__U/I1[6]
                                1.39           1.22 f        -0.18  (VIOLATED)
   fifomem/genblk1_1__U/I1[7]
                                1.39           1.22 f        -0.18  (VIOLATED)
   fifomem/genblk1_2__U/I1[0]
                                1.39           1.22 f        -0.18  (VIOLATED)
   fifomem/genblk1_2__U/I1[1]
                                1.39           1.22 f        -0.18  (VIOLATED)
   fifomem/genblk1_2__U/I1[2]
                                1.39           1.22 f        -0.18  (VIOLATED)
   fifomem/genblk1_2__U/I1[3]
                                1.39           1.22 f        -0.18  (VIOLATED)
   fifomem/genblk1_2__U/I1[4]
                                1.39           1.22 f        -0.18  (VIOLATED)
   fifomem/genblk1_2__U/I1[5]
                                1.39           1.22 f        -0.18  (VIOLATED)
   fifomem/genblk1_2__U/I1[6]
                                1.39           1.22 f        -0.18  (VIOLATED)
   fifomem/genblk1_2__U/I1[7]
                                1.39           1.22 f        -0.18  (VIOLATED)
   fifomem/genblk1_3__U/I1[0]
                                1.39           1.22 f        -0.18  (VIOLATED)
   fifomem/genblk1_3__U/I1[1]
                                1.39           1.22 f        -0.18  (VIOLATED)
   fifomem/genblk1_3__U/I1[2]
                                1.39           1.22 f        -0.18  (VIOLATED)
   fifomem/genblk1_3__U/I1[3]
                                1.39           1.22 f        -0.18  (VIOLATED)
   fifomem/genblk1_3__U/I1[4]
                                1.39           1.22 f        -0.18  (VIOLATED)
   fifomem/genblk1_3__U/I1[5]
                                1.39           1.22 f        -0.18  (VIOLATED)
   fifomem/genblk1_3__U/I1[6]
                                1.39           1.22 f        -0.18  (VIOLATED)
   fifomem/genblk1_3__U/I1[7]
                                1.39           1.22 f        -0.18  (VIOLATED)
   fifomem/genblk1_4__U/I1[0]
                                1.39           1.22 f        -0.18  (VIOLATED)
   fifomem/genblk1_4__U/I1[1]
                                1.39           1.22 f        -0.18  (VIOLATED)
   fifomem/genblk1_4__U/I1[2]
                                1.39           1.22 f        -0.18  (VIOLATED)
   fifomem/genblk1_4__U/I1[3]
                                1.39           1.22 f        -0.18  (VIOLATED)
   fifomem/genblk1_4__U/I1[4]
                                1.39           1.22 f        -0.18  (VIOLATED)
   fifomem/genblk1_4__U/I1[5]
                                1.39           1.22 f        -0.18  (VIOLATED)
   fifomem/genblk1_4__U/I1[6]
                                1.39           1.22 f        -0.18  (VIOLATED)
   fifomem/genblk1_4__U/I1[7]
                                1.39           1.22 f        -0.18  (VIOLATED)
   fifomem/genblk1_5__U/I1[0]
                                1.39           1.22 f        -0.18  (VIOLATED)
   fifomem/genblk1_5__U/I1[1]
                                1.39           1.22 f        -0.18  (VIOLATED)
   fifomem/genblk1_5__U/I1[2]
                                1.39           1.22 f        -0.18  (VIOLATED)
   fifomem/genblk1_5__U/I1[3]
                                1.39           1.22 f        -0.18  (VIOLATED)
   fifomem/genblk1_5__U/I1[4]
                                1.39           1.22 f        -0.18  (VIOLATED)
   fifomem/genblk1_5__U/I1[5]
                                1.39           1.22 f        -0.18  (VIOLATED)
   fifomem/genblk1_5__U/I1[6]
                                1.39           1.22 f        -0.18  (VIOLATED)
   fifomem/genblk1_5__U/I1[7]
                                1.39           1.22 f        -0.18  (VIOLATED)
   fifomem/genblk1_6__U/I1[0]
                                1.39           1.22 f        -0.18  (VIOLATED)
   fifomem/genblk1_6__U/I1[1]
                                1.39           1.22 f        -0.18  (VIOLATED)
   fifomem/genblk1_6__U/I1[2]
                                1.39           1.22 f        -0.18  (VIOLATED)
   fifomem/genblk1_6__U/I1[3]
                                1.39           1.22 f        -0.18  (VIOLATED)
   fifomem/genblk1_6__U/I1[4]
                                1.39           1.22 f        -0.18  (VIOLATED)
   fifomem/genblk1_6__U/I1[5]
                                1.39           1.22 f        -0.18  (VIOLATED)
   fifomem/genblk1_6__U/I1[6]
                                1.39           1.22 f        -0.18  (VIOLATED)
   fifomem/genblk1_6__U/I1[7]
                                1.39           1.22 f        -0.18  (VIOLATED)
   fifomem/genblk1_7__U/I1[0]
                                1.39           1.22 f        -0.18  (VIOLATED)
   fifomem/genblk1_7__U/I1[1]
                                1.39           1.22 f        -0.18  (VIOLATED)
   fifomem/genblk1_7__U/I1[2]
                                1.39           1.22 f        -0.18  (VIOLATED)
   fifomem/genblk1_7__U/I1[3]
                                1.39           1.22 f        -0.18  (VIOLATED)
   fifomem/genblk1_7__U/I1[4]
                                1.39           1.22 f        -0.18  (VIOLATED)
   fifomem/genblk1_7__U/I1[5]
                                1.39           1.22 f        -0.18  (VIOLATED)
   fifomem/genblk1_7__U/I1[6]
                                1.39           1.22 f        -0.18  (VIOLATED)
   fifomem/genblk1_7__U/I1[7]
                                1.39           1.22 f        -0.18  (VIOLATED)
   fifomem/genblk1_0__U/A1[3]
                                1.39           1.22 f        -0.17  (VIOLATED)
   fifomem/genblk1_1__U/A1[3]
                                1.39           1.22 f        -0.17  (VIOLATED)
   fifomem/genblk1_2__U/A1[3]
                                1.39           1.22 f        -0.17  (VIOLATED)
   fifomem/genblk1_3__U/A1[3]
                                1.39           1.22 f        -0.17  (VIOLATED)
   fifomem/genblk1_4__U/A1[3]
                                1.39           1.22 f        -0.17  (VIOLATED)
   fifomem/genblk1_5__U/A1[3]
                                1.39           1.22 f        -0.17  (VIOLATED)
   fifomem/genblk1_6__U/A1[3]
                                1.39           1.22 f        -0.17  (VIOLATED)
   fifomem/genblk1_7__U/A1[3]
                                1.39           1.22 f        -0.17  (VIOLATED)
   fifomem/genblk1_0__U/A1[1]
                                1.39           1.22 f        -0.17  (VIOLATED)
   fifomem/genblk1_1__U/A1[1]
                                1.39           1.22 f        -0.17  (VIOLATED)
   fifomem/genblk1_2__U/A1[1]
                                1.39           1.22 f        -0.17  (VIOLATED)
   fifomem/genblk1_3__U/A1[1]
                                1.39           1.22 f        -0.17  (VIOLATED)
   fifomem/genblk1_4__U/A1[1]
                                1.39           1.22 f        -0.17  (VIOLATED)
   fifomem/genblk1_5__U/A1[1]
                                1.39           1.22 f        -0.17  (VIOLATED)
   fifomem/genblk1_6__U/A1[1]
                                1.39           1.22 f        -0.17  (VIOLATED)
   fifomem/genblk1_7__U/A1[1]
                                1.39           1.22 f        -0.17  (VIOLATED)
   fifomem/genblk1_0__U/A1[2]
                                1.39           1.24 f        -0.15  (VIOLATED)
   fifomem/genblk1_1__U/A1[2]
                                1.39           1.24 f        -0.15  (VIOLATED)
   fifomem/genblk1_2__U/A1[2]
                                1.39           1.24 f        -0.15  (VIOLATED)
   fifomem/genblk1_3__U/A1[2]
                                1.39           1.24 f        -0.15  (VIOLATED)
   fifomem/genblk1_4__U/A1[2]
                                1.39           1.24 f        -0.15  (VIOLATED)
   fifomem/genblk1_5__U/A1[2]
                                1.39           1.24 f        -0.15  (VIOLATED)
   fifomem/genblk1_6__U/A1[2]
                                1.39           1.24 f        -0.15  (VIOLATED)
   fifomem/genblk1_7__U/A1[2]
                                1.39           1.24 f        -0.15  (VIOLATED)
   fifomem/genblk1_0__U/A1[0]
                                1.39           1.26 f        -0.14  (VIOLATED)
   fifomem/genblk1_1__U/A1[0]
                                1.39           1.26 f        -0.14  (VIOLATED)
   fifomem/genblk1_2__U/A1[0]
                                1.39           1.26 f        -0.14  (VIOLATED)
   fifomem/genblk1_3__U/A1[0]
                                1.39           1.26 f        -0.14  (VIOLATED)
   fifomem/genblk1_4__U/A1[0]
                                1.39           1.26 f        -0.14  (VIOLATED)
   fifomem/genblk1_5__U/A1[0]
                                1.39           1.26 f        -0.14  (VIOLATED)
   fifomem/genblk1_6__U/A1[0]
                                1.39           1.26 f        -0.14  (VIOLATED)
   fifomem/genblk1_7__U/A1[0]
                                1.39           1.26 f        -0.14  (VIOLATED)


   max_transition

                             Required        Actual
   Net                      Transition     Transition        Slack
   -----------------------------------------------------------------
   rdata[0]                     0.50           0.89          -0.39  (VIOLATED)
       PORT :  rdata[0]         0.50           0.89          -0.39  (VIOLATED)
   rdata[1]                     0.50           0.89          -0.39  (VIOLATED)
       PORT :  rdata[1]         0.50           0.89          -0.39  (VIOLATED)
   rdata[2]                     0.50           0.89          -0.39  (VIOLATED)
       PORT :  rdata[2]         0.50           0.89          -0.39  (VIOLATED)
   rdata[3]                     0.50           0.89          -0.39  (VIOLATED)
       PORT :  rdata[3]         0.50           0.89          -0.39  (VIOLATED)
   rdata[4]                     0.50           0.89          -0.39  (VIOLATED)
       PORT :  rdata[4]         0.50           0.89          -0.39  (VIOLATED)
   rdata[5]                     0.50           0.89          -0.39  (VIOLATED)
       PORT :  rdata[5]         0.50           0.89          -0.39  (VIOLATED)
   rdata[6]                     0.50           0.89          -0.39  (VIOLATED)
       PORT :  rdata[6]         0.50           0.89          -0.39  (VIOLATED)
   rdata[7]                     0.50           0.89          -0.39  (VIOLATED)
       PORT :  rdata[7]         0.50           0.89          -0.39  (VIOLATED)
   wfull                        0.50           0.89          -0.39  (VIOLATED)
       PORT :  wfull            0.50           0.89          -0.39  (VIOLATED)
   rempty                       0.50           0.89          -0.39  (VIOLATED)
       PORT :  rempty           0.50           0.89          -0.39  (VIOLATED)
   n36                          0.39           0.69          -0.30  (VIOLATED)
       PIN :   io_b_rinc/PADIO
                                0.50           0.69          -0.19  (VIOLATED)
       PIN :   U58/Y            0.39           0.69          -0.30  (VIOLATED)
   n15                          0.39           0.66          -0.27  (VIOLATED)
       PIN :   io_b_winc/PADIO
                                0.50           0.66          -0.16  (VIOLATED)
       PIN :   U48/Y            0.39           0.66          -0.27  (VIOLATED)
   n16                          0.39           0.61          -0.22  (VIOLATED)
       PIN :   io_r_wdata_in_0_/PADIO
                                0.50           0.61          -0.11  (VIOLATED)
       PIN :   U49/Y            0.39           0.61          -0.22  (VIOLATED)
   n17                          0.39           0.61          -0.22  (VIOLATED)
       PIN :   io_r_wdata_in_1_/PADIO
                                0.50           0.61          -0.11  (VIOLATED)
       PIN :   U50/Y            0.39           0.61          -0.22  (VIOLATED)
   n18                          0.39           0.61          -0.22  (VIOLATED)
       PIN :   io_r_wdata_in_2_/PADIO
                                0.50           0.61          -0.11  (VIOLATED)
       PIN :   U51/Y            0.39           0.61          -0.22  (VIOLATED)
   n19                          0.39           0.61          -0.22  (VIOLATED)
       PIN :   io_r_wdata_in_3_/PADIO
                                0.50           0.61          -0.11  (VIOLATED)
       PIN :   U52/Y            0.39           0.61          -0.22  (VIOLATED)
   n20                          0.39           0.61          -0.22  (VIOLATED)
       PIN :   io_r_wdata_in_4_/PADIO
                                0.50           0.61          -0.11  (VIOLATED)
       PIN :   U53/Y            0.39           0.61          -0.22  (VIOLATED)
   n21                          0.39           0.61          -0.22  (VIOLATED)
       PIN :   io_r_wdata_in_5_/PADIO
                                0.50           0.61          -0.11  (VIOLATED)
       PIN :   U54/Y            0.39           0.61          -0.22  (VIOLATED)
   n22                          0.39           0.61          -0.22  (VIOLATED)
       PIN :   io_r_wdata_in_6_/PADIO
                                0.50           0.61          -0.11  (VIOLATED)
       PIN :   U55/Y            0.39           0.61          -0.22  (VIOLATED)
   n23                          0.39           0.61          -0.22  (VIOLATED)
       PIN :   io_r_wdata_in_7_/PADIO
                                0.50           0.61          -0.11  (VIOLATED)
       PIN :   U56/Y            0.39           0.61          -0.22  (VIOLATED)
   n10                          0.39           0.58          -0.19  (VIOLATED)
       PIN :   io_b_rrst_n/PADIO
                                0.50           0.58          -0.08  (VIOLATED)
       PIN :   U42/Y            0.39           0.58          -0.19  (VIOLATED)
   n11                          0.39           0.58          -0.19  (VIOLATED)
       PIN :   io_b_rclk/PADIO
                                0.50           0.58          -0.08  (VIOLATED)
       PIN :   U43/Y            0.39           0.58          -0.19  (VIOLATED)
   n12                          0.39           0.58          -0.19  (VIOLATED)
       PIN :   io_b_wrst_n/PADIO
                                0.50           0.58          -0.08  (VIOLATED)
       PIN :   U44/Y            0.39           0.58          -0.19  (VIOLATED)
   n13                          0.39           0.58          -0.19  (VIOLATED)
       PIN :   io_b_wclk2x/PADIO
                                0.50           0.58          -0.08  (VIOLATED)
       PIN :   U45/Y            0.39           0.58          -0.19  (VIOLATED)
   n14                          0.39           0.58          -0.19  (VIOLATED)
       PIN :   io_b_wclk/PADIO
                                0.50           0.58          -0.08  (VIOLATED)
       PIN :   U46/Y            0.39           0.58          -0.19  (VIOLATED)

   -----------------------------------------------------------------
   Total                      25                 -7.21  

   max_capacitance

                             Required        Actual
   Net                      Capacitance    Capacitance       Slack
   -----------------------------------------------------------------
   n10                        168.00        2540.00       -2372.00  (VIOLATED)
   n11                        168.00        2540.00       -2372.00  (VIOLATED)
   n12                        168.00        2540.00       -2372.00  (VIOLATED)
   n13                        168.00        2540.00       -2372.00  (VIOLATED)
   n14                        168.00        2540.00       -2372.00  (VIOLATED)
   n15                        168.00        2540.00       -2372.00  (VIOLATED)
   n16                        168.00        2540.00       -2372.00  (VIOLATED)
   n17                        168.00        2540.00       -2372.00  (VIOLATED)
   n18                        168.00        2540.00       -2372.00  (VIOLATED)
   n19                        168.00        2540.00       -2372.00  (VIOLATED)
   n20                        168.00        2540.00       -2372.00  (VIOLATED)
   n21                        168.00        2540.00       -2372.00  (VIOLATED)
   n22                        168.00        2540.00       -2372.00  (VIOLATED)
   n23                        168.00        2540.00       -2372.00  (VIOLATED)
   n36                        168.00        2540.00       -2372.00  (VIOLATED)
   fifomem/n30                  0.03           0.42          -0.39  (VIOLATED)
   fifomem/n34                  0.03           0.42          -0.39  (VIOLATED)
   fifomem/n38                  0.03           0.42          -0.39  (VIOLATED)
   fifomem/n42                  0.03           0.42          -0.39  (VIOLATED)
   fifomem/n46                  0.03           0.42          -0.39  (VIOLATED)
   fifomem/n50                  0.03           0.42          -0.39  (VIOLATED)
   fifomem/n54                  0.03           0.42          -0.39  (VIOLATED)
   fifomem/n58                  0.03           0.42          -0.39  (VIOLATED)
   fifomem/n62                  0.03           0.42          -0.39  (VIOLATED)
   fifomem/n66                  0.03           0.42          -0.39  (VIOLATED)
   fifomem/n70                  0.03           0.42          -0.39  (VIOLATED)
   fifomem/n74                  0.03           0.42          -0.39  (VIOLATED)
   fifomem/n78                  0.03           0.42          -0.39  (VIOLATED)
   fifomem/n82                  0.03           0.42          -0.39  (VIOLATED)
   fifomem/n86                  0.03           0.42          -0.39  (VIOLATED)
   fifomem/n90                  0.03           0.42          -0.39  (VIOLATED)
   fifomem/n31                  0.03           0.40          -0.37  (VIOLATED)
   fifomem/n35                  0.03           0.40          -0.37  (VIOLATED)
   fifomem/n39                  0.03           0.40          -0.37  (VIOLATED)
   fifomem/n43                  0.03           0.40          -0.37  (VIOLATED)
   fifomem/n47                  0.03           0.40          -0.37  (VIOLATED)
   fifomem/n51                  0.03           0.40          -0.37  (VIOLATED)
   fifomem/n55                  0.03           0.40          -0.37  (VIOLATED)
   fifomem/n59                  0.03           0.40          -0.37  (VIOLATED)
   fifomem/n63                  0.03           0.40          -0.37  (VIOLATED)
   fifomem/n67                  0.03           0.40          -0.37  (VIOLATED)
   fifomem/n71                  0.03           0.40          -0.37  (VIOLATED)
   fifomem/n75                  0.03           0.40          -0.37  (VIOLATED)
   fifomem/n79                  0.03           0.40          -0.37  (VIOLATED)
   fifomem/n83                  0.03           0.40          -0.37  (VIOLATED)
   fifomem/n87                  0.03           0.40          -0.37  (VIOLATED)
   fifomem/n91                  0.03           0.40          -0.37  (VIOLATED)
   fifomem/n32                  0.03           0.39          -0.37  (VIOLATED)
   fifomem/n36                  0.03           0.39          -0.37  (VIOLATED)
   fifomem/n40                  0.03           0.39          -0.37  (VIOLATED)
   fifomem/n44                  0.03           0.39          -0.37  (VIOLATED)
   fifomem/n48                  0.03           0.39          -0.37  (VIOLATED)
   fifomem/n52                  0.03           0.39          -0.37  (VIOLATED)
   fifomem/n56                  0.03           0.39          -0.37  (VIOLATED)
   fifomem/n60                  0.03           0.39          -0.37  (VIOLATED)
   fifomem/n64                  0.03           0.39          -0.37  (VIOLATED)
   fifomem/n68                  0.03           0.39          -0.37  (VIOLATED)
   fifomem/n72                  0.03           0.39          -0.37  (VIOLATED)
   fifomem/n76                  0.03           0.39          -0.37  (VIOLATED)
   fifomem/n80                  0.03           0.39          -0.37  (VIOLATED)
   fifomem/n84                  0.03           0.39          -0.37  (VIOLATED)
   fifomem/n88                  0.03           0.39          -0.37  (VIOLATED)
   fifomem/n92                  0.03           0.39          -0.37  (VIOLATED)
   fifomem/n29                  0.03           0.39          -0.36  (VIOLATED)
   fifomem/n33                  0.03           0.39          -0.36  (VIOLATED)
   fifomem/n37                  0.03           0.39          -0.36  (VIOLATED)
   fifomem/n41                  0.03           0.39          -0.36  (VIOLATED)
   fifomem/n45                  0.03           0.39          -0.36  (VIOLATED)
   fifomem/n49                  0.03           0.39          -0.36  (VIOLATED)
   fifomem/n53                  0.03           0.39          -0.36  (VIOLATED)
   fifomem/n57                  0.03           0.39          -0.36  (VIOLATED)
   fifomem/n61                  0.03           0.39          -0.36  (VIOLATED)
   fifomem/n65                  0.03           0.39          -0.36  (VIOLATED)
   fifomem/n69                  0.03           0.39          -0.36  (VIOLATED)
   fifomem/n73                  0.03           0.39          -0.36  (VIOLATED)
   fifomem/n77                  0.03           0.39          -0.36  (VIOLATED)
   fifomem/n81                  0.03           0.39          -0.36  (VIOLATED)
   fifomem/n85                  0.03           0.39          -0.36  (VIOLATED)
   fifomem/n89                  0.03           0.39          -0.36  (VIOLATED)

   -----------------------------------------------------------------
   Total                      79              -35604.04 

   max_leakage_power

                             Required        Actual
   Design                   Leakage Power  Leakage Power     Slack
   -----------------------------------------------------------------
   fifo1_sramb                  0.00       1166444032.00  -1166444032.00
                                                                    (VIOLATED)


1
